0 info it worked if it ends with ok
1 verbose cli [ '/usr/local/bin/node',
1 verbose cli   '/usr/local/bin/npm',
1 verbose cli   'run',
1 verbose cli   'book:watch' ]
2 info using npm@3.3.12
3 info using node@v5.1.0
4 verbose run-script [ 'prebook:watch', 'book:watch', 'postbook:watch' ]
5 info lifecycle purescript-pux@0.0.1~prebook:watch: purescript-pux@0.0.1
6 silly lifecycle purescript-pux@0.0.1~prebook:watch: no script for prebook:watch, continuing
7 info lifecycle purescript-pux@0.0.1~book:watch: purescript-pux@0.0.1
8 verbose lifecycle purescript-pux@0.0.1~book:watch: unsafe-perm in lifecycle true
9 verbose lifecycle purescript-pux@0.0.1~book:watch: PATH: /usr/local/lib/node_modules/npm/bin/node-gyp-bin:/Users/alex/Projects/purescript-pux/node_modules/.bin:/Users/alex/.nix-profile/bin:/Users/alex/.nix-profile/sbin:/usr/local/heroku/bin:/Users/alex/.stack/programs/x86_64-osx/ghc-7.10.2/bin:/Users/alex/.local/bin:/usr/local/bin:/usr/local/sbin:/usr/local/share/npm/bin:/usr/local/go/bin:/usr/local/opt/ruby/bin:/usr/local/lib/ruby/gems/bin:/Users/alex/.cabal/bin:/usr/local/bin:/usr/bin:/bin:/usr/sbin:/sbin
10 verbose lifecycle purescript-pux@0.0.1~book:watch: CWD: /Users/alex/Projects/purescript-pux
11 silly lifecycle purescript-pux@0.0.1~book:watch: Args: [ '-c', 'npm run book:prepare && gitbook serve' ]
12 silly lifecycle purescript-pux@0.0.1~book:watch: Returned: code: 1  signal: null
13 info lifecycle purescript-pux@0.0.1~book:watch: Failed to exec book:watch script
14 verbose stack Error: purescript-pux@0.0.1 book:watch: `npm run book:prepare && gitbook serve`
14 verbose stack Exit status 1
14 verbose stack     at EventEmitter.<anonymous> (/usr/local/lib/node_modules/npm/lib/utils/lifecycle.js:232:16)
14 verbose stack     at emitTwo (events.js:87:13)
14 verbose stack     at EventEmitter.emit (events.js:172:7)
14 verbose stack     at ChildProcess.<anonymous> (/usr/local/lib/node_modules/npm/lib/utils/spawn.js:24:14)
14 verbose stack     at emitTwo (events.js:87:13)
14 verbose stack     at ChildProcess.emit (events.js:172:7)
14 verbose stack     at maybeClose (internal/child_process.js:818:16)
14 verbose stack     at Process.ChildProcess._handle.onexit (internal/child_process.js:211:5)
15 verbose pkgid purescript-pux@0.0.1
16 verbose cwd /Users/alex/Projects/purescript-pux/docs
17 error Darwin 15.0.0
18 error argv "/usr/local/bin/node" "/usr/local/bin/npm" "run" "book:watch"
19 error node v5.1.0
20 error npm  v3.3.12
21 error code ELIFECYCLE
22 error purescript-pux@0.0.1 book:watch: `npm run book:prepare && gitbook serve`
22 error Exit status 1
23 error Failed at the purescript-pux@0.0.1 book:watch script 'npm run book:prepare && gitbook serve'.
23 error Make sure you have the latest version of node.js and npm installed.
23 error If you do, this is most likely a problem with the purescript-pux package,
23 error not with npm itself.
23 error Tell the author that this fails on your system:
23 error     npm run book:prepare && gitbook serve
23 error You can get their info via:
23 error     npm owner ls purescript-pux
23 error There is likely additional logging output above.
24 verbose exit [ 1, true ]
